<?xml version="1.0" encoding="UTF-8"?>
<testsuite xmlns:xsi="http://www.w3.org/2001/XMLSchema-instance" xsi:noNamespaceSchemaLocation="https://maven.apache.org/surefire/maven-surefire-plugin/xsd/surefire-test-report.xsd" version="3.0.2" name="com.example.threeds.controller.ThreeDSControllerTest" time="68.893" tests="16" errors="0" skipped="0" failures="0">
  <properties>
[...]
</properties>
  <testcase name="testDuplicateRangesAreHandledGracefully" classname="com.example.threeds.controller.ThreeDSControllerTest" time="0.171">
    <system-out><![CDATA[2025-07-03T12:21:50.958+10:00  INFO 52882 --- [threeds] [           main] t.c.s.AnnotationConfigContextLoaderUtils : Could not detect default configuration classes for test class [com.example.threeds.controller.ThreeDSControllerTest]: ThreeDSControllerTest does not declare any static, non-private, non-final, nested classes annotated with @Configuration.
2025-07-03T12:21:50.971+10:00  INFO 52882 --- [threeds] [           main] .b.t.c.SpringBootTestContextBootstrapper : Found @SpringBootConfiguration com.example.threeds.ThreedsApplication for test class com.example.threeds.controller.ThreeDSControllerTest
2025-07-03T12:21:50.975+10:00  INFO 52882 --- [threeds] [           main] o.s.b.d.r.RestartApplicationListener     : Restart disabled due to context in which it is running

  .   ____          _            __ _ _
 /\\ / ___'_ __ _ _(_)_ __  __ _ \ \ \ \
( ( )\___ | '_ | '_| | '_ \/ _` | \ \ \ \
 \\/  ___)| |_)| | | | | || (_| |  ) ) ) )
  '  |____| .__|_| |_|_| |_\__, | / / / /
 =========|_|==============|___/=/_/_/_/

 :: Spring Boot ::                (v3.5.3)

2025-07-03T12:21:50.992+10:00  INFO 52882 --- [threeds] [           main] c.e.t.controller.ThreeDSControllerTest   : Starting ThreeDSControllerTest using Java 21.0.7 with PID 52882 (started by juliancamilo in /Users/juliancamilo/Documents/Programacion/threeds)
2025-07-03T12:21:50.992+10:00  INFO 52882 --- [threeds] [           main] c.e.t.controller.ThreeDSControllerTest   : No active profile set, falling back to 1 default profile: "default"
2025-07-03T12:21:51.187+10:00  INFO 52882 --- [threeds] [           main] o.s.b.t.m.w.SpringBootMockServletContext : Initializing Spring TestDispatcherServlet ''
2025-07-03T12:21:51.194+10:00  INFO 52882 --- [threeds] [           main] c.e.t.controller.ThreeDSControllerTest   : Started ThreeDSControllerTest in 0.219 seconds (process running for 2.013)
]]></system-out>
  </testcase>
  <testcase name="testInvalidPResMessage" classname="com.example.threeds.controller.ThreeDSControllerTest" time="0.01">
    <system-out><![CDATA[2025-07-03T12:21:51.379+10:00  WARN 52882 --- [threeds] [           main] .w.s.m.s.DefaultHandlerExceptionResolver : Resolved [org.springframework.web.bind.MethodArgumentNotValidException: Validation failed for argument [0] in public org.springframework.http.ResponseEntity<java.lang.Void> com.example.threeds.controller.ThreeDSController.storePResMessage(com.example.threeds.model.PResMessage): [Field error in object 'PResMessage' on field 'cardRangeData': rejected value [null]; codes [NotNull.PResMessage.cardRangeData,NotNull.cardRangeData,NotNull.java.util.List,NotNull]; arguments [org.springframework.context.support.DefaultMessageSourceResolvable: codes [PResMessage.cardRangeData,cardRangeData]; arguments []; default message [cardRangeData]]; default message [must not be null]] ]
]]></system-out>
  </testcase>
  <testcase name="testPanOnBoundaryIsIncluded" classname="com.example.threeds.controller.ThreeDSControllerTest" time="0.008"/>
  <testcase name="testHighConcurrencyReadWrite" classname="com.example.threeds.controller.ThreeDSControllerTest" time="0.397">
    <system-out><![CDATA[Concurrent read/write test time (150 reads, 150 writes): 170ms
]]></system-out>
  </testcase>
  <testcase name="testEmptyPResMessage" classname="com.example.threeds.controller.ThreeDSControllerTest" time="0.004"/>
  <testcase name="testLargeDatasetPerformanceLogs" classname="com.example.threeds.controller.ThreeDSControllerTest" time="55.071">
    <system-out><![CDATA[2025-07-03T12:22:17.342+10:00  INFO 52882 --- [threeds] [           main] c.e.t.controller.ThreeDSController       : POST /api/3ds/store timing (ms): total=7629, deserialize=3986, save=3643
==== Performance Summary ====
Data load time: 3442 ms
POST time (deserialization + insertion): 44905 ms
Manual deserialization + insertion time: 6445 ms
GET lookup time: 263 ms
Total test duration: 55057 ms
]]></system-out>
  </testcase>
  <testcase name="testResponseExcludesNullFields" classname="com.example.threeds.controller.ThreeDSControllerTest" time="0.012"/>
  <testcase name="testConstructorThrowsExceptionWhenEndRangeIsLessThanStartRange" classname="com.example.threeds.controller.ThreeDSControllerTest" time="0.027"/>
  <testcase name="testLargeDatasetPerformance" classname="com.example.threeds.controller.ThreeDSControllerTest" time="2.092">
    <system-out><![CDATA[Insert time for 700k ranges: 2065ms
Lookup time: 5ms
]]></system-out>
  </testcase>
  <testcase name="testConflictResolutionChoosesSmallestRange" classname="com.example.threeds.controller.ThreeDSControllerTest" time="0.004"/>
  <testcase name="testConcurrentStoreAndFind" classname="com.example.threeds.controller.ThreeDSControllerTest" time="4.145"/>
  <testcase name="testInvalidCardRangeInsertedViaPost" classname="com.example.threeds.controller.ThreeDSControllerTest" time="0.022"/>
  <testcase name="testStoreAndFindCardRange" classname="com.example.threeds.controller.ThreeDSControllerTest" time="0.008"/>
  <testcase name="testLoadHugeJsonFromFileAndStore" classname="com.example.threeds.controller.ThreeDSControllerTest" time="6.624">
    <system-out><![CDATA[==== Performance Summary ====
Data load time: 220 ms
POST time (deserialization + insertion): 5686 ms
Manual deserialization + insertion time: 686 ms
GET lookup time: 24 ms
Total test duration: 6617 ms
]]></system-out>
  </testcase>
  <testcase name="testFindCardRangeNotFound" classname="com.example.threeds.controller.ThreeDSControllerTest" time="0.017"/>
  <testcase name="testInvalidPanParameter" classname="com.example.threeds.controller.ThreeDSControllerTest" time="0.015">
    <system-out><![CDATA[2025-07-03T12:22:59.845+10:00  WARN 52882 --- [threeds] [           main] .w.s.m.s.DefaultHandlerExceptionResolver : Resolved [org.springframework.web.method.annotation.MethodArgumentTypeMismatchException: Method parameter 'pan': Failed to convert value of type 'java.lang.String' to required type 'long'; For input string: "invalid"]
]]></system-out>
  </testcase>
</testsuite>